<?xml version="1.0" encoding="UTF-8"?>
<testng-results ignored="0" total="1" passed="1" failed="0" skipped="0">
  <reporter-output>
  </reporter-output>
  <suite started-at="2022-09-12T23:23:48 IST" name="Default suite" finished-at="2022-09-12T23:28:12 IST" duration-ms="263915">
    <groups>
    </groups>
    <test started-at="2022-09-12T23:23:48 IST" name="Default test" finished-at="2022-09-12T23:28:12 IST" duration-ms="263915">
      <class name="testcase.TC08">
        <test-method signature="Otp(java.lang.String,java.lang.String,java.lang.String,java.lang.String,java.lang.String,java.lang.String,java.lang.String,java.lang.String,java.lang.String,java.lang.String)[pri:0, instance:testcase.TC08@4d465b11]" started-at="2022-09-12T23:23:48 IST" name="Otp" data-provider="validation" finished-at="2022-09-12T23:28:12 IST" duration-ms="263357" status="PASS">
          <params>
            <param index="0">
              <value>
                <![CDATA[abcdg@gmail.com]]>
              </value>
            </param>
            <param index="1">
              <value>
                <![CDATA[8610360000]]>
              </value>
            </param>
            <param index="2">
              <value>
                <![CDATA[1]]>
              </value>
            </param>
            <param index="3">
              <value>
                <![CDATA[3]]>
              </value>
            </param>
            <param index="4">
              <value>
                <![CDATA[3]]>
              </value>
            </param>
            <param index="5">
              <value>
                <![CDATA[vasu]]>
              </value>
            </param>
            <param index="6">
              <value>
                <![CDATA[karthi]]>
              </value>
            </param>
            <param index="7">
              <value>
                <![CDATA[India]]>
              </value>
            </param>
            <param index="8">
              <value>
                <![CDATA[TN]]>
              </value>
            </param>
            <param index="9">
              <value>
                <![CDATA[No]]>
              </value>
            </param>
          </params>
          <reporter-output>
          </reporter-output>
        </test-method> <!-- Otp -->
      </class> <!-- testcase.TC08 -->
    </test> <!-- Default test -->
  </suite> <!-- Default suite -->
</testng-results>
