<?xml version="1.0" encoding="UTF-8"?>
<testng-results ignored="0" total="1" passed="1" failed="0" skipped="0">
  <reporter-output>
  </reporter-output>
  <suite started-at="2023-04-20T15:57:01 IST" name="Default suite" finished-at="2023-04-20T15:57:09 IST" duration-ms="8414">
    <groups>
    </groups>
    <test started-at="2023-04-20T15:57:01 IST" name="Default test" finished-at="2023-04-20T15:57:09 IST" duration-ms="8414">
      <class name="pom.php.TC.TC6">
        <test-method is-config="true" signature="beforesuite()[pri:0, instance:pom.php.TC.TC6@49049a04]" started-at="2023-04-20T15:57:00 IST" name="beforesuite" finished-at="2023-04-20T15:57:01 IST" duration-ms="407" status="PASS">
          <reporter-output>
          </reporter-output>
        </test-method> <!-- beforesuite -->
        <test-method is-config="true" signature="beforeTest()[pri:0, instance:pom.php.TC.TC6@49049a04]" started-at="2023-04-20T15:57:01 IST" name="beforeTest" finished-at="2023-04-20T15:57:01 IST" duration-ms="1" status="PASS">
          <reporter-output>
          </reporter-output>
        </test-method> <!-- beforeTest -->
        <test-method is-config="true" signature="beforeclass()[pri:0, instance:pom.php.TC.TC6@49049a04]" started-at="2023-04-20T15:57:01 IST" name="beforeclass" finished-at="2023-04-20T15:57:01 IST" duration-ms="0" status="PASS">
          <reporter-output>
          </reporter-output>
        </test-method> <!-- beforeclass -->
        <test-method is-config="true" signature="beforemethod()[pri:0, instance:pom.php.TC.TC6@49049a04]" started-at="2023-04-20T15:57:01 IST" name="beforemethod" finished-at="2023-04-20T15:57:06 IST" duration-ms="5486" status="PASS">
          <reporter-output>
          </reporter-output>
        </test-method> <!-- beforemethod -->
        <test-method signature="php()[pri:0, instance:pom.php.TC.TC6@49049a04]" started-at="2023-04-20T15:57:06 IST" name="php" finished-at="2023-04-20T15:57:09 IST" duration-ms="2582" status="PASS">
          <reporter-output>
          </reporter-output>
        </test-method> <!-- php -->
        <test-method is-config="true" signature="aftermethod()[pri:0, instance:pom.php.TC.TC6@49049a04]" started-at="2023-04-20T15:57:09 IST" name="aftermethod" finished-at="2023-04-20T15:57:09 IST" duration-ms="0" status="PASS">
          <reporter-output>
          </reporter-output>
        </test-method> <!-- aftermethod -->
        <test-method is-config="true" signature="afterclass()[pri:0, instance:pom.php.TC.TC6@49049a04]" started-at="2023-04-20T15:57:09 IST" name="afterclass" finished-at="2023-04-20T15:57:09 IST" duration-ms="12" status="PASS">
          <reporter-output>
          </reporter-output>
        </test-method> <!-- afterclass -->
        <test-method is-config="true" signature="afterTest()[pri:0, instance:pom.php.TC.TC6@49049a04]" started-at="2023-04-20T15:57:09 IST" name="afterTest" finished-at="2023-04-20T15:57:09 IST" duration-ms="308" status="PASS">
          <reporter-output>
          </reporter-output>
        </test-method> <!-- afterTest -->
        <test-method is-config="true" signature="aftersuite()[pri:0, instance:pom.php.TC.TC6@49049a04]" started-at="2023-04-20T15:57:09 IST" name="aftersuite" finished-at="2023-04-20T15:57:09 IST" duration-ms="63" status="PASS">
          <reporter-output>
          </reporter-output>
        </test-method> <!-- aftersuite -->
      </class> <!-- pom.php.TC.TC6 -->
    </test> <!-- Default test -->
  </suite> <!-- Default suite -->
</testng-results>
